-------------------------------------------------------------------------------
Test set: app.entity.AgendamentoCompleteTest
-------------------------------------------------------------------------------
Tests run: 4, Failures: 1, Errors: 0, Skipped: 0, Time elapsed: 0.047 s <<< FAILURE! -- in app.entity.AgendamentoCompleteTest
app.entity.AgendamentoCompleteTest.testAgendamentoToString -- Time elapsed: 0.025 s <<< FAILURE!
org.opentest4j.AssertionFailedError: expected: <true> but was: <false>
	at org.junit.jupiter.api.AssertionFailureBuilder.build(AssertionFailureBuilder.java:151)
	at org.junit.jupiter.api.AssertionFailureBuilder.buildAndThrow(AssertionFailureBuilder.java:132)
	at org.junit.jupiter.api.AssertTrue.failNotTrue(AssertTrue.java:63)
	at org.junit.jupiter.api.AssertTrue.assertTrue(AssertTrue.java:36)
	at org.junit.jupiter.api.AssertTrue.assertTrue(AssertTrue.java:31)
	at org.junit.jupiter.api.Assertions.assertTrue(Assertions.java:183)
	at app.entity.AgendamentoCompleteTest.testAgendamentoToString(AgendamentoCompleteTest.java:73)
	at java.base/java.lang.reflect.Method.invoke(Method.java:565)
	at java.base/java.util.ArrayList.forEach(ArrayList.java:1604)
	at java.base/java.util.ArrayList.forEach(ArrayList.java:1604)

