<?xml version="1.0" encoding="UTF-8"?>
<testsuite xmlns:xsi="http://www.w3.org/2001/XMLSchema-instance" xsi:noNamespaceSchemaLocation="https://maven.apache.org/surefire/maven-surefire-plugin/xsd/surefire-test-report.xsd" version="3.0.2" name="app.controller.TestSimpleControllerTest" time="0.788" tests="3" errors="0" skipped="0" failures="0">
  <properties>
[...]
</properties>
  <testcase name="testGetServicos" classname="app.controller.TestSimpleControllerTest" time="0.02">
    <system-out><![CDATA[2025-11-11T19:09:25.040-03:00  INFO 5088 --- [           main] t.c.s.AnnotationConfigContextLoaderUtils : Could not detect default configuration classes for test class [app.controller.TestSimpleControllerTest]: TestSimpleControllerTest does not declare any static, non-private, non-final, nested classes annotated with @Configuration.
2025-11-11T19:09:25.058-03:00  INFO 5088 --- [           main] .b.t.c.SpringBootTestContextBootstrapper : Found @SpringBootConfiguration app.BarbeariaApplication for test class app.controller.TestSimpleControllerTest

  .   ____          _            __ _ _
 /\\ / ___'_ __ _ _(_)_ __  __ _ \ \ \ \
( ( )\___ | '_ | '_| | '_ \/ _` | \ \ \ \
 \\/  ___)| |_)| | | | | || (_| |  ) ) ) )
  '  |____| .__|_| |_|_| |_\__, | / / / /
 =========|_|==============|___/=/_/_/_/

 :: Spring Boot ::                (v3.5.4)

2025-11-11T19:09:25.083-03:00  INFO 5088 --- [           main] a.controller.TestSimpleControllerTest    : Starting TestSimpleControllerTest using Java 24.0.2 with PID 5088 (started by godoy in C:\Users\godoy\OneDrive\Documentos\Faculdade\EntregaMensal3\barbeariaEntrega2OFC\Barbearia4Periodo-master\Barbearia4Periodo-master)
2025-11-11T19:09:25.083-03:00 DEBUG 5088 --- [           main] a.controller.TestSimpleControllerTest    : Running with Spring Boot v3.5.4, Spring v6.2.9
2025-11-11T19:09:25.083-03:00  INFO 5088 --- [           main] a.controller.TestSimpleControllerTest    : The following 1 profile is active: "test"
2025-11-11T19:09:25.084-03:00 DEBUG 5088 --- [           main] o.s.w.c.s.GenericWebApplicationContext   : Refreshing org.springframework.web.context.support.GenericWebApplicationContext@2c17fe18
2025-11-11T19:09:25.737-03:00 DEBUG 5088 --- [           main] s.w.s.m.m.a.RequestMappingHandlerMapping : 5 mappings in 'requestMappingHandlerMapping'
2025-11-11T19:09:25.768-03:00 DEBUG 5088 --- [           main] o.s.w.s.handler.SimpleUrlHandlerMapping  : Patterns [/webjars/**, /**] in 'resourceHandlerMapping'
2025-11-11T19:09:25.773-03:00 DEBUG 5088 --- [           main] s.w.s.m.m.a.RequestMappingHandlerAdapter : ControllerAdvice beans: 0 @ModelAttribute, 0 @InitBinder, 1 RequestBodyAdvice, 1 ResponseBodyAdvice
2025-11-11T19:09:25.775-03:00 DEBUG 5088 --- [           main] .m.m.a.ExceptionHandlerExceptionResolver : ControllerAdvice beans: 0 @ExceptionHandler, 1 ResponseBodyAdvice
2025-11-11T19:09:25.781-03:00  INFO 5088 --- [           main] o.s.b.t.m.w.SpringBootMockServletContext : Initializing Spring TestDispatcherServlet ''
2025-11-11T19:09:25.781-03:00  INFO 5088 --- [           main] o.s.t.web.servlet.TestDispatcherServlet  : Initializing Servlet ''
2025-11-11T19:09:25.782-03:00  INFO 5088 --- [           main] o.s.t.web.servlet.TestDispatcherServlet  : Completed initialization in 1 ms
2025-11-11T19:09:25.791-03:00  INFO 5088 --- [           main] a.controller.TestSimpleControllerTest    : Started TestSimpleControllerTest in 0.729 seconds (process running for 20.817)
2025-11-11T19:09:25.796-03:00 DEBUG 5088 --- [           main] s.w.s.m.m.a.RequestMappingHandlerMapping : Mapped to app.controller.TestSimpleController#getServicos()
2025-11-11T19:09:25.798-03:00 DEBUG 5088 --- [           main] o.s.w.s.m.m.a.HttpEntityMethodProcessor  : Using 'application/json', given [*/*] and supported [application/json, application/*+json]
2025-11-11T19:09:25.798-03:00 DEBUG 5088 --- [           main] o.s.w.s.m.m.a.HttpEntityMethodProcessor  : Writing [[{preco=30.0, id_servico=1, duracaoMinutos=45, nome=Servi�o Teste, descricao=Descri��o teste}]]
]]></system-out>
  </testcase>
  <testcase name="testGetFuncionarios" classname="app.controller.TestSimpleControllerTest" time="0.005">
    <system-out><![CDATA[2025-11-11T19:09:25.816-03:00 DEBUG 5088 --- [           main] s.w.s.m.m.a.RequestMappingHandlerMapping : Mapped to app.controller.TestSimpleController#getFuncionarios()
2025-11-11T19:09:25.817-03:00 DEBUG 5088 --- [           main] o.s.w.s.m.m.a.HttpEntityMethodProcessor  : Using 'application/json', given [*/*] and supported [application/json, application/*+json]
2025-11-11T19:09:25.817-03:00 DEBUG 5088 --- [           main] o.s.w.s.m.m.a.HttpEntityMethodProcessor  : Writing [[{telefone=11-999999999, endereco=Rua Teste, 123, id_funcionario=1, nome=Jo�o Teste}]]
]]></system-out>
  </testcase>
  <testcase name="testGetProdutos" classname="app.controller.TestSimpleControllerTest" time="0.005">
    <system-out><![CDATA[2025-11-11T19:09:25.822-03:00 DEBUG 5088 --- [           main] s.w.s.m.m.a.RequestMappingHandlerMapping : Mapped to app.controller.TestSimpleController#getProdutos()
2025-11-11T19:09:25.823-03:00 DEBUG 5088 --- [           main] o.s.w.s.m.m.a.HttpEntityMethodProcessor  : Using 'application/json', given [*/*] and supported [application/json, application/*+json]
2025-11-11T19:09:25.823-03:00 DEBUG 5088 --- [           main] o.s.w.s.m.m.a.HttpEntityMethodProcessor  : Writing [[{preco=25.9, nome=Produto Teste, quantidadeEstoque=10, id_produto=1, descricao=Descri��o teste}]]
]]></system-out>
  </testcase>
</testsuite>